# JRE version: OpenJDK Runtime Environment (21.0.7) (build 21.0.7+-13880790-b1038.58)
# Java VM: OpenJDK 64-Bit Server VM (21.0.7+-13880790-b1038.58, mixed mode, tiered, compressed oops, compressed class ptrs, g1 gc, windows-amd64)
GC Precious Log:
 CardTable entry size: 512
 Card Set container configuration: InlinePtr #cards 5 size 8 Array Of Cards #cards 12 size 40 Howl #buckets 4 coarsen threshold 1843 Howl Bitmap #cards 512 size 80 coarsen threshold 460 Card regions per heap region 1 cards per card region 2048
 CPUs: 4 total, 4 available
 Memory: 8025M
 Large Page Support: Disabled
 NUMA Support: Disabled
 Compressed Oops: Enabled (32-bit)
 Heap Region Size: 1M
 Heap Min Capacity: 8M
 Heap Initial Capacity: 126M
 Heap Max Capacity: 2G
 Pre-touch: Disabled
 Parallel Workers: 4
 Concurrent Workers: 1
 Concurrent Refinement Workers: 4
 Periodic GC: Disabled
Heap:
 garbage-first heap   total 116736K, used 81395K [0x0000000080000000, 0x0000000100000000)
  region size 1024K, 16 young (16384K), 2 survivors (2048K)
 Metaspace       used 79820K, committed 81600K, reserved 1179648K
  class space    used 10783K, committed 11648K, reserved 1048576K
GC Heap History (20 events):
Event: 28.753 GC heap before
{Heap before GC invocations=22 (full 0):
 garbage-first heap   total 71680K, used 63331K [0x0000000080000000, 0x0000000100000000)
  region size 1024K, 21 young (21504K), 2 survivors (2048K)
 Metaspace       used 69835K, committed 71616K, reserved 1114112K
  class space    used 9712K, committed 10560K, reserved 1048576K
}
Event: 28.759 GC heap after
{Heap after GC invocations=23 (full 0):
 garbage-first heap   total 71680K, used 45937K [0x0000000080000000, 0x0000000100000000)
  region size 1024K, 3 young (3072K), 3 survivors (3072K)
 Metaspace       used 69835K, committed 71616K, reserved 1114112K
  class space    used 9712K, committed 10560K, reserved 1048576K
}
Event: 29.586 GC heap before
{Heap before GC invocations=24 (full 0):
 garbage-first heap   total 78848K, used 62321K [0x0000000080000000, 0x0000000100000000)
  region size 1024K, 19 young (19456K), 3 survivors (3072K)
 Metaspace       used 71401K, committed 73088K, reserved 1114112K
  class space    used 9930K, committed 10752K, reserved 1048576K
}
Event: 29.593 GC heap after
{Heap after GC invocations=25 (full 0):
 garbage-first heap   total 78848K, used 47921K [0x0000000080000000, 0x0000000100000000)
  region size 1024K, 3 young (3072K), 3 survivors (3072K)
 Metaspace       used 71401K, committed 73088K, reserved 1114112K
  class space    used 9930K, committed 10752K, reserved 1048576K
}
Event: 30.193 GC heap before
{Heap before GC invocations=25 (full 0):
 garbage-first heap   total 78848K, used 69425K [0x0000000080000000, 0x0000000100000000)
  region size 1024K, 25 young (25600K), 3 survivors (3072K)
 Metaspace       used 71876K, committed 73536K, reserved 1114112K
  class space    used 9952K, committed 10752K, reserved 1048576K
}
Event: 30.203 GC heap after
{Heap after GC invocations=26 (full 0):
 garbage-first heap   total 78848K, used 50992K [0x0000000080000000, 0x0000000100000000)
  region size 1024K, 4 young (4096K), 4 survivors (4096K)
 Metaspace       used 71876K, committed 73536K, reserved 1114112K
  class space    used 9952K, committed 10752K, reserved 1048576K
}
Event: 30.511 GC heap before
{Heap before GC invocations=26 (full 0):
 garbage-first heap   total 78848K, used 69424K [0x0000000080000000, 0x0000000100000000)
  region size 1024K, 22 young (22528K), 4 survivors (4096K)
 Metaspace       used 72025K, committed 73728K, reserved 1114112K
  class space    used 9952K, committed 10752K, reserved 1048576K
}
Event: 30.520 GC heap after
{Heap after GC invocations=27 (full 0):
 garbage-first heap   total 78848K, used 52576K [0x0000000080000000, 0x0000000100000000)
  region size 1024K, 3 young (3072K), 3 survivors (3072K)
 Metaspace       used 72025K, committed 73728K, reserved 1114112K
  class space    used 9952K, committed 10752K, reserved 1048576K
}
Event: 30.962 GC heap before
{Heap before GC invocations=28 (full 0):
 garbage-first heap   total 89088K, used 69984K [0x0000000080000000, 0x0000000100000000)
  region size 1024K, 20 young (20480K), 3 survivors (3072K)
 Metaspace       used 72208K, committed 73920K, reserved 1114112K
  class space    used 9952K, committed 10752K, reserved 1048576K
}
Event: 30.967 GC heap after
{Heap after GC invocations=29 (full 0):
 garbage-first heap   total 89088K, used 53264K [0x0000000080000000, 0x0000000100000000)
  region size 1024K, 3 young (3072K), 3 survivors (3072K)
 Metaspace       used 72208K, committed 73920K, reserved 1114112K
  class space    used 9952K, committed 10752K, reserved 1048576K
}
Event: 31.380 GC heap before
{Heap before GC invocations=29 (full 0):
 garbage-first heap   total 89088K, used 77840K [0x0000000080000000, 0x0000000100000000)
  region size 1024K, 28 young (28672K), 3 survivors (3072K)
 Metaspace       used 72303K, committed 73984K, reserved 1114112K
  class space    used 9952K, committed 10752K, reserved 1048576K
}
Event: 31.388 GC heap after
{Heap after GC invocations=30 (full 0):
 garbage-first heap   total 89088K, used 52082K [0x0000000080000000, 0x0000000100000000)
  region size 1024K, 3 young (3072K), 3 survivors (3072K)
 Metaspace       used 72303K, committed 73984K, reserved 1114112K
  class space    used 9952K, committed 10752K, reserved 1048576K
}
Event: 31.781 GC heap before
{Heap before GC invocations=30 (full 0):
 garbage-first heap   total 89088K, used 78706K [0x0000000080000000, 0x0000000100000000)
  region size 1024K, 30 young (30720K), 3 survivors (3072K)
 Metaspace       used 72313K, committed 73984K, reserved 1114112K
  class space    used 9953K, committed 10752K, reserved 1048576K
}
Event: 31.787 GC heap after
{Heap after GC invocations=31 (full 0):
 garbage-first heap   total 107520K, used 52797K [0x0000000080000000, 0x0000000100000000)
  region size 1024K, 3 young (3072K), 3 survivors (3072K)
 Metaspace       used 72313K, committed 73984K, reserved 1114112K
  class space    used 9953K, committed 10752K, reserved 1048576K
}
Event: 32.503 GC heap before
{Heap before GC invocations=32 (full 0):
 garbage-first heap   total 107520K, used 94781K [0x0000000080000000, 0x0000000100000000)
  region size 1024K, 45 young (46080K), 3 survivors (3072K)
 Metaspace       used 72577K, committed 74368K, reserved 1114112K
  class space    used 9987K, committed 10880K, reserved 1048576K
}
Event: 32.510 GC heap after
{Heap after GC invocations=33 (full 0):
 garbage-first heap   total 107520K, used 55150K [0x0000000080000000, 0x0000000100000000)
  region size 1024K, 6 young (6144K), 6 survivors (6144K)
 Metaspace       used 72577K, committed 74368K, reserved 1114112K
  class space    used 9987K, committed 10880K, reserved 1048576K
}
Event: 33.568 GC heap before
{Heap before GC invocations=33 (full 0):
 garbage-first heap   total 107520K, used 100206K [0x0000000080000000, 0x0000000100000000)
  region size 1024K, 44 young (45056K), 6 survivors (6144K)
 Metaspace       used 74716K, committed 76544K, reserved 1114112K
  class space    used 10240K, committed 11136K, reserved 1048576K
}
Event: 33.579 GC heap after
{Heap after GC invocations=34 (full 0):
 garbage-first heap   total 115712K, used 66871K [0x0000000080000000, 0x0000000100000000)
  region size 1024K, 6 young (6144K), 6 survivors (6144K)
 Metaspace       used 74716K, committed 76544K, reserved 1114112K
  class space    used 10240K, committed 11136K, reserved 1048576K
}
Event: 34.411 GC heap before
{Heap before GC invocations=34 (full 0):
 garbage-first heap   total 115712K, used 100663K [0x0000000080000000, 0x0000000100000000)
  region size 1024K, 39 young (39936K), 6 survivors (6144K)
 Metaspace       used 78341K, committed 80128K, reserved 1179648K
  class space    used 10648K, committed 11520K, reserved 1048576K
}
Event: 34.417 GC heap after
{Heap after GC invocations=35 (full 0):
 garbage-first heap   total 115712K, used 68083K [0x0000000080000000, 0x0000000100000000)
  region size 1024K, 2 young (2048K), 2 survivors (2048K)
 Metaspace       used 78341K, committed 80128K, reserved 1179648K
  class space    used 10648K, committed 11520K, reserved 1048576K
}

