# JRE version: OpenJDK Runtime Environment (21.0.7) (build 21.0.7+-13880790-b1038.58)
# Java VM: OpenJDK 64-Bit Server VM (21.0.7+-13880790-b1038.58, mixed mode, tiered, compressed oops, compressed class ptrs, g1 gc, windows-amd64)
GC Precious Log:
 CardTable entry size: 512
 Card Set container configuration: InlinePtr #cards 5 size 8 Array Of Cards #cards 12 size 40 Howl #buckets 4 coarsen threshold 1843 Howl Bitmap #cards 512 size 80 coarsen threshold 460 Card regions per heap region 1 cards per card region 2048
 CPUs: 4 total, 4 available
 Memory: 8025M
 Large Page Support: Disabled
 NUMA Support: Disabled
 Compressed Oops: Enabled (32-bit)
 Heap Region Size: 1M
 Heap Min Capacity: 8M
 Heap Initial Capacity: 126M
 Heap Max Capacity: 2G
 Pre-touch: Disabled
 Parallel Workers: 4
 Concurrent Workers: 1
 Concurrent Refinement Workers: 4
 Periodic GC: Disabled
Heap:
 garbage-first heap   total 215040K, used 173954K [0x0000000080000000, 0x0000000100000000)
  region size 1024K, 11 young (11264K), 6 survivors (6144K)
 Metaspace       used 145803K, committed 148352K, reserved 1179648K
  class space    used 20127K, committed 21312K, reserved 1048576K
GC Heap History (20 events):
Event: 50.875 GC heap before
{Heap before GC invocations=49 (full 0):
 garbage-first heap   total 158720K, used 142446K [0x0000000080000000, 0x0000000100000000)
  region size 1024K, 43 young (44032K), 6 survivors (6144K)
 Metaspace       used 112640K, committed 114880K, reserved 1179648K
  class space    used 15394K, committed 16512K, reserved 1048576K
}
Event: 50.888 GC heap after
{Heap after GC invocations=50 (full 0):
 garbage-first heap   total 190464K, used 106645K [0x0000000080000000, 0x0000000100000000)
  region size 1024K, 4 young (4096K), 4 survivors (4096K)
 Metaspace       used 112640K, committed 114880K, reserved 1179648K
  class space    used 15394K, committed 16512K, reserved 1048576K
}
Event: 52.868 GC heap before
{Heap before GC invocations=51 (full 0):
 garbage-first heap   total 190464K, used 168085K [0x0000000080000000, 0x0000000100000000)
  region size 1024K, 66 young (67584K), 4 survivors (4096K)
 Metaspace       used 113002K, committed 115264K, reserved 1179648K
  class space    used 15442K, committed 16576K, reserved 1048576K
}
Event: 52.885 GC heap after
{Heap after GC invocations=52 (full 0):
 garbage-first heap   total 190464K, used 108442K [0x0000000080000000, 0x0000000100000000)
  region size 1024K, 7 young (7168K), 7 survivors (7168K)
 Metaspace       used 113002K, committed 115264K, reserved 1179648K
  class space    used 15442K, committed 16576K, reserved 1048576K
}
Event: 54.646 GC heap before
{Heap before GC invocations=52 (full 0):
 garbage-first heap   total 190464K, used 169882K [0x0000000080000000, 0x0000000100000000)
  region size 1024K, 68 young (69632K), 7 survivors (7168K)
 Metaspace       used 113884K, committed 116224K, reserved 1179648K
  class space    used 15567K, committed 16704K, reserved 1048576K
}
Event: 54.668 GC heap after
{Heap after GC invocations=53 (full 0):
 garbage-first heap   total 190464K, used 110083K [0x0000000080000000, 0x0000000100000000)
  region size 1024K, 6 young (6144K), 6 survivors (6144K)
 Metaspace       used 113884K, committed 116224K, reserved 1179648K
  class space    used 15567K, committed 16704K, reserved 1048576K
}
Event: 60.193 GC heap before
{Heap before GC invocations=53 (full 0):
 garbage-first heap   total 190464K, used 171523K [0x0000000080000000, 0x0000000100000000)
  region size 1024K, 67 young (68608K), 6 survivors (6144K)
 Metaspace       used 115573K, committed 117888K, reserved 1179648K
  class space    used 15770K, committed 16896K, reserved 1048576K
}
Event: 60.211 GC heap after
{Heap after GC invocations=54 (full 0):
 garbage-first heap   total 190464K, used 114973K [0x0000000080000000, 0x0000000100000000)
  region size 1024K, 8 young (8192K), 8 survivors (8192K)
 Metaspace       used 115573K, committed 117888K, reserved 1179648K
  class space    used 15770K, committed 16896K, reserved 1048576K
}
Event: 62.838 GC heap before
{Heap before GC invocations=55 (full 0):
 garbage-first heap   total 193536K, used 170269K [0x0000000080000000, 0x0000000100000000)
  region size 1024K, 63 young (64512K), 8 survivors (8192K)
 Metaspace       used 116555K, committed 118848K, reserved 1179648K
  class space    used 15916K, committed 17024K, reserved 1048576K
}
Event: 62.860 GC heap after
{Heap after GC invocations=56 (full 0):
 garbage-first heap   total 193536K, used 120244K [0x0000000080000000, 0x0000000100000000)
  region size 1024K, 8 young (8192K), 8 survivors (8192K)
 Metaspace       used 116555K, committed 118848K, reserved 1179648K
  class space    used 15916K, committed 17024K, reserved 1048576K
}
Event: 68.343 GC heap before
{Heap before GC invocations=56 (full 0):
 garbage-first heap   total 193536K, used 178612K [0x0000000080000000, 0x0000000100000000)
  region size 1024K, 60 young (61440K), 8 survivors (8192K)
 Metaspace       used 123744K, committed 126080K, reserved 1179648K
  class space    used 16844K, committed 17984K, reserved 1048576K
}
Event: 68.368 GC heap after
{Heap after GC invocations=57 (full 0):
 garbage-first heap   total 198656K, used 131855K [0x0000000080000000, 0x0000000100000000)
  region size 1024K, 8 young (8192K), 8 survivors (8192K)
 Metaspace       used 123744K, committed 126080K, reserved 1179648K
  class space    used 16844K, committed 17984K, reserved 1048576K
}
Event: 70.259 GC heap before
{Heap before GC invocations=57 (full 0):
 garbage-first heap   total 198656K, used 178959K [0x0000000080000000, 0x0000000100000000)
  region size 1024K, 54 young (55296K), 8 survivors (8192K)
 Metaspace       used 126263K, committed 128640K, reserved 1179648K
  class space    used 17128K, committed 18304K, reserved 1048576K
}
Event: 70.269 GC heap after
{Heap after GC invocations=58 (full 0):
 garbage-first heap   total 198656K, used 128848K [0x0000000080000000, 0x0000000100000000)
  region size 1024K, 2 young (2048K), 2 survivors (2048K)
 Metaspace       used 126263K, committed 128640K, reserved 1179648K
  class space    used 17128K, committed 18304K, reserved 1048576K
}
Event: 72.174 GC heap before
{Heap before GC invocations=59 (full 0):
 garbage-first heap   total 215040K, used 179024K [0x0000000080000000, 0x0000000100000000)
  region size 1024K, 52 young (53248K), 2 survivors (2048K)
 Metaspace       used 132761K, committed 135104K, reserved 1179648K
  class space    used 18078K, committed 19264K, reserved 1048576K
}
Event: 72.183 GC heap after
{Heap after GC invocations=60 (full 0):
 garbage-first heap   total 215040K, used 129520K [0x0000000080000000, 0x0000000100000000)
  region size 1024K, 3 young (3072K), 3 survivors (3072K)
 Metaspace       used 132761K, committed 135104K, reserved 1179648K
  class space    used 18078K, committed 19264K, reserved 1048576K
}
Event: 73.911 GC heap before
{Heap before GC invocations=60 (full 0):
 garbage-first heap   total 215040K, used 193008K [0x0000000080000000, 0x0000000100000000)
  region size 1024K, 66 young (67584K), 3 survivors (3072K)
 Metaspace       used 141564K, committed 143936K, reserved 1179648K
  class space    used 19405K, committed 20608K, reserved 1048576K
}
Event: 73.926 GC heap after
{Heap after GC invocations=61 (full 0):
 garbage-first heap   total 215040K, used 130035K [0x0000000080000000, 0x0000000100000000)
  region size 1024K, 5 young (5120K), 5 survivors (5120K)
 Metaspace       used 141564K, committed 143936K, reserved 1179648K
  class space    used 19405K, committed 20608K, reserved 1048576K
}
Event: 76.728 GC heap before
{Heap before GC invocations=61 (full 0):
 garbage-first heap   total 215040K, used 167923K [0x0000000080000000, 0x0000000100000000)
  region size 1024K, 44 young (45056K), 5 survivors (5120K)
 Metaspace       used 145718K, committed 148160K, reserved 1179648K
  class space    used 20095K, committed 21312K, reserved 1048576K
}
Event: 76.740 GC heap after
{Heap after GC invocations=62 (full 0):
 garbage-first heap   total 215040K, used 131970K [0x0000000080000000, 0x0000000100000000)
  region size 1024K, 6 young (6144K), 6 survivors (6144K)
 Metaspace       used 145718K, committed 148160K, reserved 1179648K
  class space    used 20095K, committed 21312K, reserved 1048576K
}

