# JRE version: OpenJDK Runtime Environment (21.0.7) (build 21.0.7+-13880790-b1038.58)
# Java VM: OpenJDK 64-Bit Server VM (21.0.7+-13880790-b1038.58, mixed mode, tiered, compressed oops, compressed class ptrs, g1 gc, windows-amd64)
GC Precious Log:
 CardTable entry size: 512
 Card Set container configuration: InlinePtr #cards 5 size 8 Array Of Cards #cards 12 size 40 Howl #buckets 4 coarsen threshold 1843 Howl Bitmap #cards 512 size 80 coarsen threshold 460 Card regions per heap region 1 cards per card region 2048
 CPUs: 4 total, 4 available
 Memory: 8025M
 Large Page Support: Disabled
 NUMA Support: Disabled
 Compressed Oops: Enabled (32-bit)
 Heap Region Size: 1M
 Heap Min Capacity: 8M
 Heap Initial Capacity: 126M
 Heap Max Capacity: 2G
 Pre-touch: Disabled
 Parallel Workers: 4
 Concurrent Workers: 1
 Concurrent Refinement Workers: 4
 Periodic GC: Disabled
Heap:
 garbage-first heap   total 191488K, used 137758K [0x0000000080000000, 0x0000000100000000)
  region size 1024K, 27 young (27648K), 3 survivors (3072K)
 Metaspace       used 129768K, committed 132096K, reserved 1179648K
  class space    used 17193K, committed 18304K, reserved 1048576K
GC Heap History (20 events):
Event: 27.940 GC heap before
{Heap before GC invocations=40 (full 0):
 garbage-first heap   total 137216K, used 126058K [0x0000000080000000, 0x0000000100000000)
  region size 1024K, 44 young (45056K), 2 survivors (2048K)
 Metaspace       used 95309K, committed 97344K, reserved 1179648K
  class space    used 12971K, committed 13952K, reserved 1048576K
}
Event: 27.947 GC heap after
{Heap after GC invocations=41 (full 0):
 garbage-first heap   total 164864K, used 82588K [0x0000000080000000, 0x0000000100000000)
  region size 1024K, 3 young (3072K), 3 survivors (3072K)
 Metaspace       used 95309K, committed 97344K, reserved 1179648K
  class space    used 12971K, committed 13952K, reserved 1048576K
}
Event: 30.421 GC heap before
{Heap before GC invocations=41 (full 0):
 garbage-first heap   total 164864K, used 150172K [0x0000000080000000, 0x0000000100000000)
  region size 1024K, 69 young (70656K), 3 survivors (3072K)
 Metaspace       used 100811K, committed 102848K, reserved 1179648K
  class space    used 13839K, committed 14848K, reserved 1048576K
}
Event: 30.432 GC heap after
{Heap after GC invocations=42 (full 0):
 garbage-first heap   total 164864K, used 86026K [0x0000000080000000, 0x0000000100000000)
  region size 1024K, 6 young (6144K), 6 survivors (6144K)
 Metaspace       used 100811K, committed 102848K, reserved 1179648K
  class space    used 13839K, committed 14848K, reserved 1048576K
}
Event: 33.075 GC heap before
{Heap before GC invocations=42 (full 0):
 garbage-first heap   total 164864K, used 148490K [0x0000000080000000, 0x0000000100000000)
  region size 1024K, 67 young (68608K), 6 survivors (6144K)
 Metaspace       used 106481K, committed 108672K, reserved 1179648K
  class space    used 14670K, committed 15744K, reserved 1048576K
}
Event: 33.095 GC heap after
{Heap after GC invocations=43 (full 0):
 garbage-first heap   total 164864K, used 89599K [0x0000000080000000, 0x0000000100000000)
  region size 1024K, 7 young (7168K), 7 survivors (7168K)
 Metaspace       used 106481K, committed 108672K, reserved 1179648K
  class space    used 14670K, committed 15744K, reserved 1048576K
}
Event: 34.350 GC heap before
{Heap before GC invocations=43 (full 0):
 garbage-first heap   total 164864K, used 147967K [0x0000000080000000, 0x0000000100000000)
  region size 1024K, 64 young (65536K), 7 survivors (7168K)
 Metaspace       used 108064K, committed 110208K, reserved 1179648K
  class space    used 14884K, committed 15936K, reserved 1048576K
}
Event: 34.372 GC heap after
{Heap after GC invocations=44 (full 0):
 garbage-first heap   total 164864K, used 96409K [0x0000000080000000, 0x0000000100000000)
  region size 1024K, 8 young (8192K), 8 survivors (8192K)
 Metaspace       used 108064K, committed 110208K, reserved 1179648K
  class space    used 14884K, committed 15936K, reserved 1048576K
}
Event: 36.210 GC heap before
{Heap before GC invocations=45 (full 0):
 garbage-first heap   total 164864K, used 150681K [0x0000000080000000, 0x0000000100000000)
  region size 1024K, 57 young (58368K), 8 survivors (8192K)
 Metaspace       used 112167K, committed 114368K, reserved 1179648K
  class space    used 15367K, committed 16448K, reserved 1048576K
}
Event: 36.267 GC heap after
{Heap after GC invocations=46 (full 0):
 garbage-first heap   total 168960K, used 104460K [0x0000000080000000, 0x0000000100000000)
  region size 1024K, 8 young (8192K), 8 survivors (8192K)
 Metaspace       used 112167K, committed 114368K, reserved 1179648K
  class space    used 15367K, committed 16448K, reserved 1048576K
}
Event: 38.255 GC heap before
{Heap before GC invocations=46 (full 0):
 garbage-first heap   total 168960K, used 149516K [0x0000000080000000, 0x0000000100000000)
  region size 1024K, 53 young (54272K), 8 survivors (8192K)
 Metaspace       used 119131K, committed 121344K, reserved 1179648K
  class space    used 16079K, committed 17152K, reserved 1048576K
}
Event: 38.278 GC heap after
{Heap after GC invocations=47 (full 0):
 garbage-first heap   total 168960K, used 104799K [0x0000000080000000, 0x0000000100000000)
  region size 1024K, 2 young (2048K), 2 survivors (2048K)
 Metaspace       used 119131K, committed 121344K, reserved 1179648K
  class space    used 16079K, committed 17152K, reserved 1048576K
}
Event: 66.235 GC heap before
{Heap before GC invocations=47 (full 0):
 garbage-first heap   total 168960K, used 153951K [0x0000000080000000, 0x0000000100000000)
  region size 1024K, 51 young (52224K), 2 survivors (2048K)
 Metaspace       used 120362K, committed 122624K, reserved 1179648K
  class space    used 16167K, committed 17280K, reserved 1048576K
}
Event: 66.243 GC heap after
{Heap after GC invocations=48 (full 0):
 garbage-first heap   total 168960K, used 104805K [0x0000000080000000, 0x0000000100000000)
  region size 1024K, 2 young (2048K), 2 survivors (2048K)
 Metaspace       used 120362K, committed 122624K, reserved 1179648K
  class space    used 16167K, committed 17280K, reserved 1048576K
}
Event: 68.687 GC heap before
{Heap before GC invocations=49 (full 0):
 garbage-first heap   total 176128K, used 156005K [0x0000000080000000, 0x0000000100000000)
  region size 1024K, 52 young (53248K), 2 survivors (2048K)
 Metaspace       used 121862K, committed 124160K, reserved 1179648K
  class space    used 16297K, committed 17408K, reserved 1048576K
}
Event: 68.702 GC heap after
{Heap after GC invocations=50 (full 0):
 garbage-first heap   total 176128K, used 108293K [0x0000000080000000, 0x0000000100000000)
  region size 1024K, 6 young (6144K), 6 survivors (6144K)
 Metaspace       used 121862K, committed 124160K, reserved 1179648K
  class space    used 16297K, committed 17408K, reserved 1048576K
}
Event: 70.332 GC heap before
{Heap before GC invocations=50 (full 0):
 garbage-first heap   total 176128K, used 159493K [0x0000000080000000, 0x0000000100000000)
  region size 1024K, 55 young (56320K), 6 survivors (6144K)
 Metaspace       used 127470K, committed 129728K, reserved 1179648K
  class space    used 16871K, committed 17984K, reserved 1048576K
}
Event: 70.347 GC heap after
{Heap after GC invocations=51 (full 0):
 garbage-first heap   total 176128K, used 108476K [0x0000000080000000, 0x0000000100000000)
  region size 1024K, 5 young (5120K), 5 survivors (5120K)
 Metaspace       used 127470K, committed 129728K, reserved 1179648K
  class space    used 16871K, committed 17984K, reserved 1048576K
}
Event: 70.718 GC heap before
{Heap before GC invocations=51 (full 0):
 garbage-first heap   total 176128K, used 122812K [0x0000000080000000, 0x0000000100000000)
  region size 1024K, 20 young (20480K), 5 survivors (5120K)
 Metaspace       used 128623K, committed 130944K, reserved 1179648K
  class space    used 17022K, committed 18112K, reserved 1048576K
}
Event: 70.729 GC heap after
{Heap after GC invocations=52 (full 0):
 garbage-first heap   total 176128K, used 110110K [0x0000000080000000, 0x0000000100000000)
  region size 1024K, 3 young (3072K), 3 survivors (3072K)
 Metaspace       used 128623K, committed 130944K, reserved 1179648K
  class space    used 17022K, committed 18112K, reserved 1048576K
}

