# JRE version: OpenJDK Runtime Environment (21.0.7) (build 21.0.7+-13880790-b1038.58)
# Java VM: OpenJDK 64-Bit Server VM (21.0.7+-13880790-b1038.58, mixed mode, tiered, compressed oops, compressed class ptrs, g1 gc, windows-amd64)
GC Precious Log:
 CardTable entry size: 512
 Card Set container configuration: InlinePtr #cards 5 size 8 Array Of Cards #cards 12 size 40 Howl #buckets 4 coarsen threshold 1843 Howl Bitmap #cards 512 size 80 coarsen threshold 460 Card regions per heap region 1 cards per card region 2048
 CPUs: 4 total, 4 available
 Memory: 8025M
 Large Page Support: Disabled
 NUMA Support: Disabled
 Compressed Oops: Enabled (32-bit)
 Heap Region Size: 1M
 Heap Min Capacity: 8M
 Heap Initial Capacity: 126M
 Heap Max Capacity: 2G
 Pre-touch: Disabled
 Parallel Workers: 4
 Concurrent Workers: 1
 Concurrent Refinement Workers: 4
 Periodic GC: Disabled
Heap:
 garbage-first heap   total 140288K, used 88654K [0x0000000080000000, 0x0000000100000000)
  region size 1024K, 15 young (15360K), 7 survivors (7168K)
 Metaspace       used 92505K, committed 94528K, reserved 1179648K
  class space    used 12512K, committed 13504K, reserved 1048576K
GC Heap History (20 events):
Event: 29.423 GC heap before
{Heap before GC invocations=31 (full 0):
 garbage-first heap   total 89088K, used 78094K [0x0000000080000000, 0x0000000100000000)
  region size 1024K, 28 young (28672K), 3 survivors (3072K)
 Metaspace       used 72303K, committed 74048K, reserved 1114112K
  class space    used 9962K, committed 10816K, reserved 1048576K
}
Event: 29.431 GC heap after
{Heap after GC invocations=32 (full 0):
 garbage-first heap   total 107520K, used 53054K [0x0000000080000000, 0x0000000100000000)
  region size 1024K, 4 young (4096K), 4 survivors (4096K)
 Metaspace       used 72303K, committed 74048K, reserved 1114112K
  class space    used 9962K, committed 10816K, reserved 1048576K
}
Event: 30.156 GC heap before
{Heap before GC invocations=32 (full 0):
 garbage-first heap   total 107520K, used 94014K [0x0000000080000000, 0x0000000100000000)
  region size 1024K, 45 young (46080K), 4 survivors (4096K)
 Metaspace       used 72556K, committed 74304K, reserved 1114112K
  class space    used 9999K, committed 10880K, reserved 1048576K
}
Event: 30.164 GC heap after
{Heap after GC invocations=33 (full 0):
 garbage-first heap   total 107520K, used 54818K [0x0000000080000000, 0x0000000100000000)
  region size 1024K, 5 young (5120K), 5 survivors (5120K)
 Metaspace       used 72556K, committed 74304K, reserved 1114112K
  class space    used 9999K, committed 10880K, reserved 1048576K
}
Event: 30.410 GC heap before
{Heap before GC invocations=33 (full 0):
 garbage-first heap   total 107520K, used 60962K [0x0000000080000000, 0x0000000100000000)
  region size 1024K, 12 young (12288K), 5 survivors (5120K)
 Metaspace       used 72731K, committed 74496K, reserved 1114112K
  class space    used 10021K, committed 10880K, reserved 1048576K
}
Event: 30.418 GC heap after
{Heap after GC invocations=34 (full 0):
 garbage-first heap   total 107520K, used 55473K [0x0000000080000000, 0x0000000100000000)
  region size 1024K, 1 young (1024K), 1 survivors (1024K)
 Metaspace       used 72731K, committed 74496K, reserved 1114112K
  class space    used 10021K, committed 10880K, reserved 1048576K
}
Event: 31.780 GC heap before
{Heap before GC invocations=35 (full 0):
 garbage-first heap   total 107520K, used 100529K [0x0000000080000000, 0x0000000100000000)
  region size 1024K, 39 young (39936K), 1 survivors (1024K)
 Metaspace       used 75215K, committed 76992K, reserved 1179648K
  class space    used 10323K, committed 11200K, reserved 1048576K
}
Event: 31.787 GC heap after
{Heap after GC invocations=36 (full 0):
 garbage-first heap   total 109568K, used 68292K [0x0000000080000000, 0x0000000100000000)
  region size 1024K, 5 young (5120K), 5 survivors (5120K)
 Metaspace       used 75215K, committed 76992K, reserved 1179648K
  class space    used 10323K, committed 11200K, reserved 1048576K
}
Event: 32.514 GC heap before
{Heap before GC invocations=36 (full 0):
 garbage-first heap   total 109568K, used 96964K [0x0000000080000000, 0x0000000100000000)
  region size 1024K, 34 young (34816K), 5 survivors (5120K)
 Metaspace       used 78464K, committed 80384K, reserved 1179648K
  class space    used 10675K, committed 11648K, reserved 1048576K
}
Event: 32.522 GC heap after
{Heap after GC invocations=37 (full 0):
 garbage-first heap   total 109568K, used 68408K [0x0000000080000000, 0x0000000100000000)
  region size 1024K, 1 young (1024K), 1 survivors (1024K)
 Metaspace       used 78464K, committed 80384K, reserved 1179648K
  class space    used 10675K, committed 11648K, reserved 1048576K
}
Event: 33.413 GC heap before
{Heap before GC invocations=37 (full 0):
 garbage-first heap   total 109568K, used 99128K [0x0000000080000000, 0x0000000100000000)
  region size 1024K, 32 young (32768K), 1 survivors (1024K)
 Metaspace       used 81945K, committed 83776K, reserved 1179648K
  class space    used 11080K, committed 11968K, reserved 1048576K
}
Event: 33.417 GC heap after
{Heap after GC invocations=38 (full 0):
 garbage-first heap   total 109568K, used 69417K [0x0000000080000000, 0x0000000100000000)
  region size 1024K, 2 young (2048K), 2 survivors (2048K)
 Metaspace       used 81945K, committed 83776K, reserved 1179648K
  class space    used 11080K, committed 11968K, reserved 1048576K
}
Event: 34.428 GC heap before
{Heap before GC invocations=39 (full 0):
 garbage-first heap   total 116736K, used 104233K [0x0000000080000000, 0x0000000100000000)
  region size 1024K, 32 young (32768K), 2 survivors (2048K)
 Metaspace       used 84441K, committed 86336K, reserved 1179648K
  class space    used 11448K, committed 12416K, reserved 1048576K
}
Event: 34.436 GC heap after
{Heap after GC invocations=40 (full 0):
 garbage-first heap   total 116736K, used 74689K [0x0000000080000000, 0x0000000100000000)
  region size 1024K, 4 young (4096K), 4 survivors (4096K)
 Metaspace       used 84441K, committed 86336K, reserved 1179648K
  class space    used 11448K, committed 12416K, reserved 1048576K
}
Event: 35.312 GC heap before
{Heap before GC invocations=40 (full 0):
 garbage-first heap   total 116736K, used 104385K [0x0000000080000000, 0x0000000100000000)
  region size 1024K, 34 young (34816K), 4 survivors (4096K)
 Metaspace       used 86830K, committed 88768K, reserved 1179648K
  class space    used 11765K, committed 12736K, reserved 1048576K
}
Event: 35.326 GC heap after
{Heap after GC invocations=41 (full 0):
 garbage-first heap   total 116736K, used 75671K [0x0000000080000000, 0x0000000100000000)
  region size 1024K, 4 young (4096K), 4 survivors (4096K)
 Metaspace       used 86830K, committed 88768K, reserved 1179648K
  class space    used 11765K, committed 12736K, reserved 1048576K
}
Event: 36.487 GC heap before
{Heap before GC invocations=41 (full 0):
 garbage-first heap   total 116736K, used 105367K [0x0000000080000000, 0x0000000100000000)
  region size 1024K, 33 young (33792K), 4 survivors (4096K)
 Metaspace       used 89314K, committed 91200K, reserved 1179648K
  class space    used 12068K, committed 12992K, reserved 1048576K
}
Event: 36.496 GC heap after
{Heap after GC invocations=42 (full 0):
 garbage-first heap   total 140288K, used 77445K [0x0000000080000000, 0x0000000100000000)
  region size 1024K, 4 young (4096K), 4 survivors (4096K)
 Metaspace       used 89314K, committed 91200K, reserved 1179648K
  class space    used 12068K, committed 12992K, reserved 1048576K
}
Event: 38.010 GC heap before
{Heap before GC invocations=43 (full 0):
 garbage-first heap   total 140288K, used 124549K [0x0000000080000000, 0x0000000100000000)
  region size 1024K, 50 young (51200K), 4 survivors (4096K)
 Metaspace       used 91971K, committed 93952K, reserved 1179648K
  class space    used 12426K, committed 13376K, reserved 1048576K
}
Event: 38.020 GC heap after
{Heap after GC invocations=44 (full 0):
 garbage-first heap   total 140288K, used 81486K [0x0000000080000000, 0x0000000100000000)
  region size 1024K, 7 young (7168K), 7 survivors (7168K)
 Metaspace       used 91971K, committed 93952K, reserved 1179648K
  class space    used 12426K, committed 13376K, reserved 1048576K
}

