# JRE version: OpenJDK Runtime Environment (21.0.7) (build 21.0.7+-13880790-b1038.58)
# Java VM: OpenJDK 64-Bit Server VM (21.0.7+-13880790-b1038.58, mixed mode, tiered, compressed oops, compressed class ptrs, g1 gc, windows-amd64)
GC Precious Log:
 CardTable entry size: 512
 Card Set container configuration: InlinePtr #cards 5 size 8 Array Of Cards #cards 12 size 40 Howl #buckets 4 coarsen threshold 1843 Howl Bitmap #cards 512 size 80 coarsen threshold 460 Card regions per heap region 1 cards per card region 2048
 CPUs: 4 total, 4 available
 Memory: 8025M
 Large Page Support: Disabled
 NUMA Support: Disabled
 Compressed Oops: Enabled (32-bit)
 Heap Region Size: 1M
 Heap Min Capacity: 8M
 Heap Initial Capacity: 126M
 Heap Max Capacity: 2G
 Pre-touch: Disabled
 Parallel Workers: 4
 Concurrent Workers: 1
 Concurrent Refinement Workers: 4
 Periodic GC: Disabled
Heap:
 garbage-first heap   total 196608K, used 131271K [0x0000000080000000, 0x0000000100000000)
  region size 1024K, 20 young (20480K), 6 survivors (6144K)
 Metaspace       used 130895K, committed 133120K, reserved 1179648K
  class space    used 17498K, committed 18624K, reserved 1048576K
GC Heap History (20 events):
Event: 43.334 GC heap before
{Heap before GC invocations=54 (full 0):
 garbage-first heap   total 147456K, used 134723K [0x0000000080000000, 0x0000000100000000)
  region size 1024K, 49 young (50176K), 4 survivors (4096K)
 Metaspace       used 113036K, committed 115136K, reserved 1179648K
  class space    used 15581K, committed 16640K, reserved 1048576K
}
Event: 43.346 GC heap after
{Heap after GC invocations=55 (full 0):
 garbage-first heap   total 147456K, used 90474K [0x0000000080000000, 0x0000000100000000)
  region size 1024K, 5 young (5120K), 5 survivors (5120K)
 Metaspace       used 113036K, committed 115136K, reserved 1179648K
  class space    used 15581K, committed 16640K, reserved 1048576K
}
Event: 44.901 GC heap before
{Heap before GC invocations=55 (full 0):
 garbage-first heap   total 147456K, used 133482K [0x0000000080000000, 0x0000000100000000)
  region size 1024K, 47 young (48128K), 5 survivors (5120K)
 Metaspace       used 113257K, committed 115392K, reserved 1179648K
  class space    used 15599K, committed 16640K, reserved 1048576K
}
Event: 44.926 GC heap after
{Heap after GC invocations=56 (full 0):
 garbage-first heap   total 147456K, used 98646K [0x0000000080000000, 0x0000000100000000)
  region size 1024K, 6 young (6144K), 6 survivors (6144K)
 Metaspace       used 113257K, committed 115392K, reserved 1179648K
  class space    used 15599K, committed 16640K, reserved 1048576K
}
Event: 46.315 GC heap before
{Heap before GC invocations=57 (full 0):
 garbage-first heap   total 165888K, used 135510K [0x0000000080000000, 0x0000000100000000)
  region size 1024K, 38 young (38912K), 6 survivors (6144K)
 Metaspace       used 116773K, committed 118976K, reserved 1179648K
  class space    used 15915K, committed 17024K, reserved 1048576K
}
Event: 46.329 GC heap after
{Heap after GC invocations=58 (full 0):
 garbage-first heap   total 165888K, used 104204K [0x0000000080000000, 0x0000000100000000)
  region size 1024K, 5 young (5120K), 5 survivors (5120K)
 Metaspace       used 116773K, committed 118976K, reserved 1179648K
  class space    used 15915K, committed 17024K, reserved 1048576K
}
Event: 49.159 GC heap before
{Heap before GC invocations=58 (full 0):
 garbage-first heap   total 165888K, used 148236K [0x0000000080000000, 0x0000000100000000)
  region size 1024K, 48 young (49152K), 5 survivors (5120K)
 Metaspace       used 118064K, committed 120256K, reserved 1179648K
  class space    used 16099K, committed 17216K, reserved 1048576K
}
Event: 49.173 GC heap after
{Heap after GC invocations=59 (full 0):
 garbage-first heap   total 165888K, used 108570K [0x0000000080000000, 0x0000000100000000)
  region size 1024K, 6 young (6144K), 6 survivors (6144K)
 Metaspace       used 118064K, committed 120256K, reserved 1179648K
  class space    used 16099K, committed 17216K, reserved 1048576K
}
Event: 52.237 GC heap before
{Heap before GC invocations=59 (full 0):
 garbage-first heap   total 165888K, used 147482K [0x0000000080000000, 0x0000000100000000)
  region size 1024K, 45 young (46080K), 6 survivors (6144K)
 Metaspace       used 118238K, committed 120448K, reserved 1179648K
  class space    used 16125K, committed 17216K, reserved 1048576K
}
Event: 52.249 GC heap after
{Heap after GC invocations=60 (full 0):
 garbage-first heap   total 165888K, used 110397K [0x0000000080000000, 0x0000000100000000)
  region size 1024K, 4 young (4096K), 4 survivors (4096K)
 Metaspace       used 118238K, committed 120448K, reserved 1179648K
  class space    used 16125K, committed 17216K, reserved 1048576K
}
Event: 55.688 GC heap before
{Heap before GC invocations=61 (full 0):
 garbage-first heap   total 184320K, used 149309K [0x0000000080000000, 0x0000000100000000)
  region size 1024K, 43 young (44032K), 4 survivors (4096K)
 Metaspace       used 120504K, committed 122688K, reserved 1179648K
  class space    used 16403K, committed 17536K, reserved 1048576K
}
Event: 55.695 GC heap after
{Heap after GC invocations=62 (full 0):
 garbage-first heap   total 184320K, used 113048K [0x0000000080000000, 0x0000000100000000)
  region size 1024K, 5 young (5120K), 5 survivors (5120K)
 Metaspace       used 120504K, committed 122688K, reserved 1179648K
  class space    used 16403K, committed 17536K, reserved 1048576K
}
Event: 58.263 GC heap before
{Heap before GC invocations=62 (full 0):
 garbage-first heap   total 184320K, used 164248K [0x0000000080000000, 0x0000000100000000)
  region size 1024K, 56 young (57344K), 5 survivors (5120K)
 Metaspace       used 121337K, committed 123584K, reserved 1179648K
  class space    used 16522K, committed 17664K, reserved 1048576K
}
Event: 58.276 GC heap after
{Heap after GC invocations=63 (full 0):
 garbage-first heap   total 184320K, used 114735K [0x0000000080000000, 0x0000000100000000)
  region size 1024K, 7 young (7168K), 7 survivors (7168K)
 Metaspace       used 121337K, committed 123584K, reserved 1179648K
  class space    used 16522K, committed 17664K, reserved 1048576K
}
Event: 60.601 GC heap before
{Heap before GC invocations=63 (full 0):
 garbage-first heap   total 184320K, used 164911K [0x0000000080000000, 0x0000000100000000)
  region size 1024K, 57 young (58368K), 7 survivors (7168K)
 Metaspace       used 122115K, committed 124352K, reserved 1179648K
  class space    used 16616K, committed 17728K, reserved 1048576K
}
Event: 60.610 GC heap after
{Heap after GC invocations=64 (full 0):
 garbage-first heap   total 184320K, used 116227K [0x0000000080000000, 0x0000000100000000)
  region size 1024K, 5 young (5120K), 5 survivors (5120K)
 Metaspace       used 122115K, committed 124352K, reserved 1179648K
  class space    used 16616K, committed 17728K, reserved 1048576K
}
Event: 75.284 GC heap before
{Heap before GC invocations=65 (full 0):
 garbage-first heap   total 196608K, used 165379K [0x0000000080000000, 0x0000000100000000)
  region size 1024K, 54 young (55296K), 5 survivors (5120K)
 Metaspace       used 126786K, committed 129024K, reserved 1179648K
  class space    used 17147K, committed 18240K, reserved 1048576K
}
Event: 75.296 GC heap after
{Heap after GC invocations=66 (full 0):
 garbage-first heap   total 196608K, used 118204K [0x0000000080000000, 0x0000000100000000)
  region size 1024K, 5 young (5120K), 5 survivors (5120K)
 Metaspace       used 126786K, committed 129024K, reserved 1179648K
  class space    used 17147K, committed 18240K, reserved 1048576K
}
Event: 550.493 GC heap before
{Heap before GC invocations=66 (full 0):
 garbage-first heap   total 196608K, used 176572K [0x0000000080000000, 0x0000000100000000)
  region size 1024K, 63 young (64512K), 5 survivors (5120K)
 Metaspace       used 130802K, committed 133056K, reserved 1179648K
  class space    used 17496K, committed 18624K, reserved 1048576K
}
Event: 550.638 GC heap after
{Heap after GC invocations=67 (full 0):
 garbage-first heap   total 196608K, used 117959K [0x0000000080000000, 0x0000000100000000)
  region size 1024K, 6 young (6144K), 6 survivors (6144K)
 Metaspace       used 130802K, committed 133056K, reserved 1179648K
  class space    used 17496K, committed 18624K, reserved 1048576K
}

